<?xml version="1.0" encoding="UTF-8"?>
<!-- Generated by org.testng.reporters.JUnitReportReporter -->
<testsuite hostname="asd1538po01976" name="TestNG1.NewTest1" tests="8" failures="0" timestamp="30 Jun 2016 04:12:25 GMT" time="12.969" errors="0">
  <testcase name="launchPopupwindow" time="4.340" classname="TestNG1.NewTest1"/>
  <testcase name="cookieGeneration" time="0.145" classname="TestNG1.NewTest1"/>
  <testcase name="testHomePageTitle" time="0.016" classname="TestNG1.NewTest1"/>
  <testcase name="clickGreenbox" time="0.125" classname="TestNG1.NewTest1"/>
  <testcase name="clickBasicCourse" time="0.118" classname="TestNG1.NewTest1"/>
  <testcase name="dragandDrop" time="0.036" classname="TestNG1.NewTest1"/>
  <testcase name="click_Tatoc_Link" time="0.123" classname="TestNG1.NewTest1"/>
  <testcase name="changeBoxcolor" time="8.066" classname="TestNG1.NewTest1"/>
</testsuite> <!-- TestNG1.NewTest1 -->
